27/03/2013 11:58:56 | Debut Mise en ligne complete (Site):
27/03/2013 11:58:58 | Listing terminé :
27/03/2013 11:58:58 | 

27/03/2013 11:58:59 | * WEFiles-- -- --Folder create
27/03/2013 11:58:59 | * WEFiles/Server-- -- --Folder create
27/03/2013 11:58:59 | * WEFiles/Server/language-- -- --Folder create
27/03/2013 11:58:59 | * WEFiles/Server/class-- -- --Folder create
27/03/2013 11:58:59 | * WEFiles/Image-- -- --Folder create
27/03/2013 11:58:59 | * WEFiles/Image/Skin-- -- --Folder create
27/03/2013 11:58:59 | * WEFiles/Font-- -- --Folder create
27/03/2013 11:58:59 | * WEFiles/Css-- -- --Folder create
27/03/2013 11:58:59 | * WEFiles/Client-- -- --Folder create
27/03/2013 11:58:59 | * WEFiles/Client/jQuery-- -- --Folder create
27/03/2013 11:58:59 | * Templates-- -- --Folder create
27/03/2013 11:58:59 | * Files-- -- --Folder create
27/03/2013 11:58:59 | * Files/Video-- -- --Folder create
27/03/2013 11:58:59 | * Files/Other-- -- --Folder create
27/03/2013 11:58:59 | * Files/Media-- -- --Folder create
27/03/2013 11:58:59 | * Files/Image-- -- --Folder create
27/03/2013 11:58:59 | * Files/Flash-- -- --Folder create
27/03/2013 11:58:59 | * Files/Audio-- -- --Folder create
27/03/2013 11:58:59 | * Data-- -- --Folder create
27/03/2013 11:58:59 | * Backup-- -- --Folder create
27/03/2013 11:58:59 | * Common-- -- --Folder create
27/03/2013 11:58:59 | * Files/Image/Template-- -- --Folder create
27/03/2013 11:58:59 | * Files/Image/Icons-- -- --Folder create
27/03/2013 11:58:59 | * Files/Image/Photos-- -- --Folder create
27/03/2013 11:58:59 | * WEFiles/Image/Gallery-- -- --Folder create
27/03/2013 11:58:59 | * WEFiles/Image/Gallery/a707035e-a044-445a-aae6-5c87a4a0218c-- -- --Folder create
27/03/2013 11:58:59 | * Files\Other-- -- --Folder create
27/03/2013 11:58:59 | * Backup/.htaccess-- -- --33
27/03/2013 11:58:59 | * WEFiles/Client/jQuery/jquery.core.js-- -- --93873
27/03/2013 11:58:59 | * WEFiles/Client/jQuery/jquery.easing.1.3.js-- -- --8097
27/03/2013 11:58:59 | * WEFiles/Client/jQuery/jquery.form.js-- -- --26755
27/03/2013 11:58:59 | * WEFiles/Client/jQuery/jquery.simplemodal.js-- -- --22338
27/03/2013 11:58:59 | * WEFiles/Client/jQuery/jquery.ui.accordion.js-- -- --16269
27/03/2013 11:58:59 | * WEFiles/Client/jQuery/jquery.ui.core.js-- -- --14026
27/03/2013 11:58:59 | * WEFiles/Client/Json.js-- -- --17521
27/03/2013 11:58:59 | * WEFiles/Client/openElement.js-- -- --20753
27/03/2013 11:58:59 | * WEFiles/Client/openElementUI.js-- -- --3436
27/03/2013 11:58:59 | * WEFiles/Client/VarText.js-- -- --3745
27/03/2013 11:58:59 | * WEFiles/Css/openElement.css-- -- --4690
27/03/2013 11:58:59 | * WEFiles/Image/Code.png-- -- --831
27/03/2013 11:58:59 | * WEFiles/Image/delete.png-- -- --1465
27/03/2013 11:58:59 | * WEFiles/Image/empty.png-- -- --184
27/03/2013 11:58:59 | * WEFiles/Image/information2.png-- -- --3246
27/03/2013 11:58:59 | * WEFiles/Image/loading.gif-- -- --1924
27/03/2013 11:58:59 | * WEFiles/Image/mask.png-- -- --213
27/03/2013 11:58:59 | * WEFiles/Image/ModalBackgound.png-- -- --27145
27/03/2013 11:58:59 | * WEFiles/Image/ModalPopupBlock.png-- -- --268
27/03/2013 11:58:59 | * WEFiles/Image/ServerError.png-- -- --2602
27/03/2013 11:58:59 | * WEFiles/Image/WEW3C.png-- -- --1882
27/03/2013 11:58:59 | * WEFiles/Server/class/class-phpmailer.php-- -- --62304
27/03/2013 11:58:59 | * WEFiles/Server/class/class-smtp.php-- -- --32442
27/03/2013 11:58:59 | * WEFiles/Server/class/JSON.php-- -- --34073
27/03/2013 11:58:59 | * WEFiles/Server/language/phpmailer.lang-en.php-- -- --1188
27/03/2013 11:58:59 | * WEFiles/Server/language/phpmailer.lang-fr.php-- -- --1298
27/03/2013 11:58:59 | * WEFiles/Server/openElement.php-- -- --16332
27/03/2013 11:58:59 | * WEFiles/Server/VarText.php-- -- --4306
27/03/2013 11:58:59 | * .htaccess-- -- --0
27/03/2013 11:58:59 | * Contact(var).js-- -- --1848
27/03/2013 11:58:59 | * Contact(var).php-- -- --1381
27/03/2013 11:58:59 | * Contact.css-- -- --2655
27/03/2013 11:58:59 | * WEFiles/Image/ErrorImageDefault.png-- -- --825
27/03/2013 11:58:59 | * WEFiles/Image/Skin/0161ff5d.png-- -- --832
27/03/2013 11:58:59 | * WEFiles/Server/WESendMail_v1-34-3.php-- -- --9586
27/03/2013 11:58:59 | * WEFiles/Client/WESendMail_v1-34-3.js-- -- --9978
27/03/2013 11:58:59 | * WEFiles/Image/Skin/44aaa55a.png-- -- --832
27/03/2013 11:58:59 | * WEFiles/Image/Skin/81de3e33.png-- -- --77686
27/03/2013 11:58:59 | * Files/Image/Template/Logo.png-- -- --1827
27/03/2013 11:58:59 | * Files/Image/Template/Accolade_2.png-- -- --254
27/03/2013 11:58:59 | * Files/Image/Template/DuoCircle.png-- -- --1188
27/03/2013 11:58:59 | * Files/Image/Template/DuoButterfly.png-- -- --925
27/03/2013 11:58:59 | * WEFiles/Image/Skin/b11a5c5c.png-- -- --29764
27/03/2013 11:58:59 | * WEFiles/Image/Skin/03d0a149.png-- -- --381
27/03/2013 11:58:59 | * Files/Image/Icons/WhiteArrow.png-- -- --352
27/03/2013 11:58:59 | * Files/Image/Template/Accolade_3.png-- -- --255
27/03/2013 11:58:59 | * WEFiles/Image/Skin/b86722de.png-- -- --248
27/03/2013 11:58:59 | * WEFiles/Image/Skin/b150fa74.png-- -- --441
27/03/2013 11:58:59 | * WEFiles/Image/Skin/01dc4848.png-- -- --248
27/03/2013 11:58:59 | * WEFiles/Css/WEMenu_v1-34-3.css-- -- --1028
27/03/2013 11:58:59 | * WEFiles/Client/WEMenu_v1-34-3.js-- -- --14862
27/03/2013 11:58:59 | * Contact.htm-- -- --19780
27/03/2013 11:58:59 | * Example(var).js-- -- --1181
27/03/2013 11:58:59 | * Example.css-- -- --3361
27/03/2013 11:58:59 | * Files/Image/Photos/Photo1.png-- -- --66730
27/03/2013 11:58:59 | * Files/Image/Photos/Photo2.png-- -- --68048
27/03/2013 11:58:59 | * WEFiles/Image/Skin/6d161387.png-- -- --2224
27/03/2013 11:58:59 | * Example.htm-- -- --22085
27/03/2013 11:58:59 | * index(var).js-- -- --2863
27/03/2013 11:58:59 | * index.css-- -- --2205
27/03/2013 11:58:59 | * WEFiles/Image/Gallery/a707035e-a044-445a-aae6-5c87a4a0218c/Photo4_1.png-- -- --161907
27/03/2013 11:58:59 | * WEFiles/Image/Gallery/a707035e-a044-445a-aae6-5c87a4a0218c/Photo5_1.png-- -- --151182
27/03/2013 11:58:59 | * WEFiles/Image/Gallery/a707035e-a044-445a-aae6-5c87a4a0218c/Photo6_1.png-- -- --158471
27/03/2013 11:58:59 | * WEFiles/Image/Skin/0e031b59.jpg-- -- --1389
27/03/2013 11:58:59 | * WEFiles/Image/Skin/ecd22464.jpg-- -- --1451
27/03/2013 11:58:59 | * WEFiles/Image/Skin/d73042e1.jpg-- -- --1715
27/03/2013 11:58:59 | * WEFiles/Image/Skin/1d4c71c2.jpg-- -- --1765
27/03/2013 11:58:59 | * WEFiles/Css/WEGalleryCarrousel1_v1-34-3.css-- -- --819
27/03/2013 11:58:59 | * WEFiles/Client/WEGalleryCarrousel1_v1-34-3.js-- -- --22416
27/03/2013 11:58:59 | * index.htm-- -- --18296
27/03/2013 11:58:59 | * robots.txt-- -- --22
27/03/2013 11:58:59 | * sitemap.xml-- -- --468
27/03/2013 11:58:59 | * Templates/BaseLayer.css-- -- --5659
27/03/2013 11:59:00 | 
27/03/2013 11:59:00 | 
--------------------------------Phase 1 Terminé--------------------------------
27/03/2013 11:59:00 | 

